2020-11-22 14:44:25.813   Log opened. (Time zone: UTC-05:00)
2020-11-22 14:44:25.813   Setup version: Inno Setup version 6.0.5 (u)
2020-11-22 14:44:25.813   Original Setup EXE: D:\Documents\lmms\plugins\VST\dexed-0.9.5-win.exe
2020-11-22 14:44:25.813   Setup command line: /SL5="$60674,3101089,780800,D:\Documents\lmms\plugins\VST\dexed-0.9.5-win.exe" /SPAWNWND=$705C8 /NOTIFYWND=$90542 
2020-11-22 14:44:25.813   Compatibility mode: Yes (Installer)
2020-11-22 14:44:25.813   Windows version: 6.3.9600  (NT platform: Yes)
2020-11-22 14:44:25.813   64-bit Windows: Yes
2020-11-22 14:44:25.813   Processor architecture: x64
2020-11-22 14:44:25.813   User privileges: Administrative
2020-11-22 14:44:25.814   Administrative install mode: Yes
2020-11-22 14:44:25.814   Install mode root key: HKEY_LOCAL_MACHINE
2020-11-22 14:44:25.814   64-bit install mode: Yes
2020-11-22 14:44:25.816   Created temporary directory: C:\Users\READ-0~1\AppData\Local\Temp\is-S96C3.tmp
2020-11-22 14:44:47.627   Found 1 files to register with RestartManager.
2020-11-22 14:44:47.628   Calling RestartManager's RmGetList.
2020-11-22 14:44:47.632   RmGetList finished successfully.
2020-11-22 14:44:47.632   RestartManager found no applications using one of our files.
2020-11-22 14:44:47.638   Starting the installation process.
2020-11-22 14:44:47.640   Creating directory: D:\Documents\lmms\plugins\VST\Dexed
2020-11-22 14:44:47.869   Directory for uninstall files: D:\Documents\lmms\plugins\VST\Dexed
2020-11-22 14:44:47.870   Creating new uninstall log: D:\Documents\lmms\plugins\VST\Dexed\unins000.dat
2020-11-22 14:44:47.900   -- File entry --
2020-11-22 14:44:47.902   Dest filename: D:\Documents\lmms\plugins\VST\Dexed\unins000.exe
2020-11-22 14:44:47.902   Non-default bitness: 32-bit
2020-11-22 14:44:47.906   Time stamp of our file: 2020-11-22 14:44:25.683
2020-11-22 14:44:47.906   Installing the file.
2020-11-22 14:44:47.918   Successfully installed the file.
2020-11-22 14:44:47.918   -- File entry --
2020-11-22 14:44:47.919   Dest filename: D:\Documents\lmms\plugins\VST\Dexed\Dexed.exe
2020-11-22 14:44:47.919   Time stamp of our file: 2020-09-23 20:04:42.000
2020-11-22 14:44:47.919   Installing the file.
2020-11-22 14:44:48.152   Successfully installed the file.
2020-11-22 14:44:48.152   -- File entry --
2020-11-22 14:44:48.153   Dest filename: C:\Program Files\Common Files\VST3\Dexed.vst3
2020-11-22 14:44:48.153   Time stamp of our file: 2020-09-23 20:04:42.000
2020-11-22 14:44:48.153   Installing the file.
2020-11-22 14:44:48.153   Creating directory: C:\Program Files\Common Files\VST3
2020-11-22 14:44:48.261   Successfully installed the file.
2020-11-22 14:44:48.262   -- Icon entry --
2020-11-22 14:44:48.262   Dest filename: C:\ProgramData\Microsoft\Windows\Start Menu\Programs\Dexed\Dexed.lnk
2020-11-22 14:44:48.263   Creating directory: C:\ProgramData\Microsoft\Windows\Start Menu\Programs\Dexed
2020-11-22 14:44:48.270   Creating the icon.
2020-11-22 14:44:48.498   Successfully created the icon.
2020-11-22 14:44:48.502   -- Icon entry --
2020-11-22 14:44:48.502   Dest filename: C:\ProgramData\Microsoft\Windows\Start Menu\Programs\Dexed\Un-install Dexed.lnk
2020-11-22 14:44:48.503   Creating the icon.
2020-11-22 14:44:48.710   Successfully created the icon.
2020-11-22 14:44:48.714   Saving uninstall information.
2020-11-22 14:44:48.714   Creating new uninstall key: HKEY_LOCAL_MACHINE\Software\Microsoft\Windows\CurrentVersion\Uninstall\Dexed_is1
2020-11-22 14:44:48.714   Writing uninstall key values.
2020-11-22 14:44:48.715   Detected previous non administrative install? No
2020-11-22 14:44:48.715   Detected previous administrative 32-bit install? No
2020-11-22 14:44:48.780   Installation process succeeded.
2020-11-22 14:44:48.781   Need to restart Windows? No
2020-11-22 14:44:49.633   Deinitializing Setup.
